app/build/intermediates/manifest_merge_blame_file/debug/manifest-merger-blame-debug-report.txt
1<?xml version="1.0" encoding="utf-8"?>
2<manifest xmlns:android="http://schemas.android.com/apk/res/android"
3    package="com.example.flashcardapp"
4    android:versionCode="1"
5    android:versionName="1.0" >
6
7    <uses-sdk
8        android:minSdkVersion="26"
9        android:targetSdkVersion="36" />
10
11    <uses-permission android:name="android.permission.INTERNET" />
11-->src\main\AndroidManifest.xml:5:5-67
11-->src\main\AndroidManifest.xml:5:22-64
12    <uses-permission android:name="android.permission.POST_NOTIFICATIONS" />
12-->src\main\AndroidManifest.xml:6:5-77
12-->src\main\AndroidManifest.xml:6:22-74
13    <uses-permission android:name="android.permission.ACCESS_NETWORK_STATE" />
13-->[com.google.mlkit:translate:17.0.2] AndroidManifest.xml:7:5-79
13-->[com.google.mlkit:translate:17.0.2] AndroidManifest.xml:7:22-76
14    <uses-permission android:name="android.permission.WAKE_LOCK" />
14-->[androidx.work:work-runtime:2.9.0] AndroidManifest.xml:23:5-68
14-->[androidx.work:work-runtime:2.9.0] AndroidManifest.xml:23:22-65
15    <uses-permission android:name="android.permission.RECEIVE_BOOT_COMPLETED" />
15-->[androidx.work:work-runtime:2.9.0] AndroidManifest.xml:25:5-81
15-->[androidx.work:work-runtime:2.9.0] AndroidManifest.xml:25:22-78
16    <uses-permission android:name="android.permission.FOREGROUND_SERVICE" />
16-->[androidx.work:work-runtime:2.9.0] AndroidManifest.xml:26:5-77
16-->[androidx.work:work-runtime:2.9.0] AndroidManifest.xml:26:22-74
17
18    <permission
18-->[androidx.core:core:1.12.0] AndroidManifest.xml:22:5-24:47
19        android:name="com.example.flashcardapp.DYNAMIC_RECEIVER_NOT_EXPORTED_PERMISSION"
19-->[androidx.core:core:1.12.0] AndroidManifest.xml:23:9-81
20        android:protectionLevel="signature" />
20-->[androidx.core:core:1.12.0] AndroidManifest.xml:24:9-44
21
22    <uses-permission android:name="com.example.flashcardapp.DYNAMIC_RECEIVER_NOT_EXPORTED_PERMISSION" />
22-->[androidx.core:core:1.12.0] AndroidManifest.xml:26:5-97
22-->[androidx.core:core:1.12.0] AndroidManifest.xml:26:22-94
23
24    <application
24-->src\main\AndroidManifest.xml:8:5-50:19
25        android:allowBackup="true"
25-->src\main\AndroidManifest.xml:9:9-35
26        android:appComponentFactory="androidx.core.app.CoreComponentFactory"
26-->[androidx.core:core:1.12.0] AndroidManifest.xml:28:18-86
27        android:dataExtractionRules="@xml/data_extraction_rules"
27-->src\main\AndroidManifest.xml:10:9-65
28        android:debuggable="true"
29        android:extractNativeLibs="false"
30        android:fullBackupContent="@xml/backup_rules"
30-->src\main\AndroidManifest.xml:11:9-54
31        android:icon="@mipmap/ic_launcher"
31-->src\main\AndroidManifest.xml:12:9-43
32        android:label="@string/app_name"
32-->src\main\AndroidManifest.xml:13:9-41
33        android:roundIcon="@mipmap/ic_launcher_round"
33-->src\main\AndroidManifest.xml:14:9-54
34        android:supportsRtl="true"
34-->src\main\AndroidManifest.xml:15:9-35
35        android:testOnly="true"
36        android:theme="@style/Theme.FlashcardApp" >
36-->src\main\AndroidManifest.xml:16:9-50
37        <activity
37-->src\main\AndroidManifest.xml:19:9-26:20
38            android:name="com.example.flashcardapp.ui.MainActivity"
38-->src\main\AndroidManifest.xml:20:13-44
39            android:exported="true" >
39-->src\main\AndroidManifest.xml:21:13-36
40            <intent-filter>
40-->src\main\AndroidManifest.xml:22:13-25:29
41                <action android:name="android.intent.action.MAIN" />
41-->src\main\AndroidManifest.xml:23:17-69
41-->src\main\AndroidManifest.xml:23:25-66
42
43                <category android:name="android.intent.category.LAUNCHER" />
43-->src\main\AndroidManifest.xml:24:17-77
43-->src\main\AndroidManifest.xml:24:27-74
44            </intent-filter>
45        </activity>
46        <activity
46-->src\main\AndroidManifest.xml:28:9-31:43
47            android:name="com.example.flashcardapp.ui.VocabularyActivity"
47-->src\main\AndroidManifest.xml:29:13-50
48            android:exported="false"
48-->src\main\AndroidManifest.xml:30:13-37
49            android:label="Tra từ điển" />
49-->src\main\AndroidManifest.xml:31:13-40
50
51        <!-- 🔥 SỬA Ở ĐÂY -->
52        <activity
52-->src\main\AndroidManifest.xml:34:9-38:61
53            android:name="com.example.flashcardapp.ui.StudyActivity"
53-->src\main\AndroidManifest.xml:35:13-45
54            android:exported="false"
54-->src\main\AndroidManifest.xml:36:13-37
55            android:label="Ôn tập thẻ"
55-->src\main\AndroidManifest.xml:37:13-39
56            android:parentActivityName="com.example.flashcardapp.ui.MainActivity" />
56-->src\main\AndroidManifest.xml:38:13-58
57        <activity
57-->src\main\AndroidManifest.xml:40:9-43:49
58            android:name="com.example.flashcardapp.ui.ReminderActivity"
58-->src\main\AndroidManifest.xml:41:13-48
59            android:exported="false"
59-->src\main\AndroidManifest.xml:42:13-37
60            android:label="Đặt lịch nhắc nhở" />
60-->src\main\AndroidManifest.xml:43:13-46
61
62        <service
62-->src\main\AndroidManifest.xml:45:9-48:34
63            android:name="com.google.firebase.components.ComponentDiscoveryService"
63-->src\main\AndroidManifest.xml:46:13-84
64            android:directBootAware="true"
64-->[com.google.firebase:firebase-common:20.4.2] AndroidManifest.xml:32:13-43
65            android:exported="false" >
65-->src\main\AndroidManifest.xml:47:13-37
66            <meta-data
66-->[com.google.firebase:firebase-firestore-ktx:24.10.0] AndroidManifest.xml:12:13-14:85
67                android:name="com.google.firebase.components:com.google.firebase.firestore.ktx.FirebaseFirestoreLegacyRegistrar"
67-->[com.google.firebase:firebase-firestore-ktx:24.10.0] AndroidManifest.xml:13:17-129
68                android:value="com.google.firebase.components.ComponentRegistrar" />
68-->[com.google.firebase:firebase-firestore-ktx:24.10.0] AndroidManifest.xml:14:17-82
69            <meta-data
69-->[com.google.firebase:firebase-firestore:24.10.0] AndroidManifest.xml:17:13-19:85
70                android:name="com.google.firebase.components:com.google.firebase.firestore.FirebaseFirestoreKtxRegistrar"
70-->[com.google.firebase:firebase-firestore:24.10.0] AndroidManifest.xml:18:17-122
71                android:value="com.google.firebase.components.ComponentRegistrar" />
71-->[com.google.firebase:firebase-firestore:24.10.0] AndroidManifest.xml:19:17-82
72            <meta-data
72-->[com.google.firebase:firebase-firestore:24.10.0] AndroidManifest.xml:20:13-22:85
73                android:name="com.google.firebase.components:com.google.firebase.firestore.FirestoreRegistrar"
73-->[com.google.firebase:firebase-firestore:24.10.0] AndroidManifest.xml:21:17-111
74                android:value="com.google.firebase.components.ComponentRegistrar" />
74-->[com.google.firebase:firebase-firestore:24.10.0] AndroidManifest.xml:22:17-82
75            <meta-data
75-->[com.google.firebase:firebase-common-ktx:20.4.2] AndroidManifest.xml:12:13-14:85
76                android:name="com.google.firebase.components:com.google.firebase.ktx.FirebaseCommonLegacyRegistrar"
76-->[com.google.firebase:firebase-common-ktx:20.4.2] AndroidManifest.xml:13:17-116
77                android:value="com.google.firebase.components.ComponentRegistrar" />
77-->[com.google.firebase:firebase-common-ktx:20.4.2] AndroidManifest.xml:14:17-82
78            <meta-data
78-->[com.google.firebase:firebase-common:20.4.2] AndroidManifest.xml:35:13-37:85
79                android:name="com.google.firebase.components:com.google.firebase.FirebaseCommonKtxRegistrar"
79-->[com.google.firebase:firebase-common:20.4.2] AndroidManifest.xml:36:17-109
80                android:value="com.google.firebase.components.ComponentRegistrar" />
80-->[com.google.firebase:firebase-common:20.4.2] AndroidManifest.xml:37:17-82
81        </service>
82        <service
82-->[com.google.mlkit:translate:17.0.2] AndroidManifest.xml:11:9-17:19
83            android:name="com.google.mlkit.common.internal.MlKitComponentDiscoveryService"
83-->[com.google.mlkit:translate:17.0.2] AndroidManifest.xml:12:13-91
84            android:directBootAware="true"
84-->[com.google.mlkit:common:18.10.0] AndroidManifest.xml:17:13-43
85            android:exported="false" >
85-->[com.google.mlkit:translate:17.0.2] AndroidManifest.xml:13:13-37
86            <meta-data
86-->[com.google.mlkit:translate:17.0.2] AndroidManifest.xml:14:13-16:85
87                android:name="com.google.firebase.components:com.google.mlkit.nl.translate.NaturalLanguageTranslateRegistrar"
87-->[com.google.mlkit:translate:17.0.2] AndroidManifest.xml:15:17-126
88                android:value="com.google.firebase.components.ComponentRegistrar" />
88-->[com.google.mlkit:translate:17.0.2] AndroidManifest.xml:16:17-82
89            <meta-data
89-->[com.google.mlkit:common:18.10.0] AndroidManifest.xml:20:13-22:85
90                android:name="com.google.firebase.components:com.google.mlkit.common.internal.CommonComponentRegistrar"
90-->[com.google.mlkit:common:18.10.0] AndroidManifest.xml:21:17-120
91                android:value="com.google.firebase.components.ComponentRegistrar" />
91-->[com.google.mlkit:common:18.10.0] AndroidManifest.xml:22:17-82
92        </service>
93
94        <provider
94-->[com.google.mlkit:common:18.10.0] AndroidManifest.xml:9:9-13:38
95            android:name="com.google.mlkit.common.internal.MlKitInitProvider"
95-->[com.google.mlkit:common:18.10.0] AndroidManifest.xml:10:13-78
96            android:authorities="com.example.flashcardapp.mlkitinitprovider"
96-->[com.google.mlkit:common:18.10.0] AndroidManifest.xml:11:13-69
97            android:exported="false"
97-->[com.google.mlkit:common:18.10.0] AndroidManifest.xml:12:13-37
98            android:initOrder="99" />
98-->[com.google.mlkit:common:18.10.0] AndroidManifest.xml:13:13-35
99        <provider
99-->[androidx.emoji2:emoji2:1.2.0] AndroidManifest.xml:24:9-32:20
100            android:name="androidx.startup.InitializationProvider"
100-->[androidx.emoji2:emoji2:1.2.0] AndroidManifest.xml:25:13-67
101            android:authorities="com.example.flashcardapp.androidx-startup"
101-->[androidx.emoji2:emoji2:1.2.0] AndroidManifest.xml:26:13-68
102            android:exported="false" >
102-->[androidx.emoji2:emoji2:1.2.0] AndroidManifest.xml:27:13-37
103            <meta-data
103-->[androidx.emoji2:emoji2:1.2.0] AndroidManifest.xml:29:13-31:52
104                android:name="androidx.emoji2.text.EmojiCompatInitializer"
104-->[androidx.emoji2:emoji2:1.2.0] AndroidManifest.xml:30:17-75
105                android:value="androidx.startup" />
105-->[androidx.emoji2:emoji2:1.2.0] AndroidManifest.xml:31:17-49
106            <meta-data
106-->[androidx.work:work-runtime:2.9.0] AndroidManifest.xml:34:13-36:52
107                android:name="androidx.work.WorkManagerInitializer"
107-->[androidx.work:work-runtime:2.9.0] AndroidManifest.xml:35:17-68
108                android:value="androidx.startup" />
108-->[androidx.work:work-runtime:2.9.0] AndroidManifest.xml:36:17-49
109            <meta-data
109-->[androidx.lifecycle:lifecycle-process:2.6.1] AndroidManifest.xml:29:13-31:52
110                android:name="androidx.lifecycle.ProcessLifecycleInitializer"
110-->[androidx.lifecycle:lifecycle-process:2.6.1] AndroidManifest.xml:30:17-78
111                android:value="androidx.startup" />
111-->[androidx.lifecycle:lifecycle-process:2.6.1] AndroidManifest.xml:31:17-49
112            <meta-data
112-->[androidx.profileinstaller:profileinstaller:1.3.0] AndroidManifest.xml:29:13-31:52
113                android:name="androidx.profileinstaller.ProfileInstallerInitializer"
113-->[androidx.profileinstaller:profileinstaller:1.3.0] AndroidManifest.xml:30:17-85
114                android:value="androidx.startup" />
114-->[androidx.profileinstaller:profileinstaller:1.3.0] AndroidManifest.xml:31:17-49
115        </provider>
116
117        <activity
117-->[com.google.android.gms:play-services-base:18.1.0] AndroidManifest.xml:20:9-22:45
118            android:name="com.google.android.gms.common.api.GoogleApiActivity"
118-->[com.google.android.gms:play-services-base:18.1.0] AndroidManifest.xml:20:19-85
119            android:exported="false"
119-->[com.google.android.gms:play-services-base:18.1.0] AndroidManifest.xml:22:19-43
120            android:theme="@android:style/Theme.Translucent.NoTitleBar" />
120-->[com.google.android.gms:play-services-base:18.1.0] AndroidManifest.xml:21:19-78
121
122        <provider
122-->[com.google.firebase:firebase-common:20.4.2] AndroidManifest.xml:23:9-28:39
123            android:name="com.google.firebase.provider.FirebaseInitProvider"
123-->[com.google.firebase:firebase-common:20.4.2] AndroidManifest.xml:24:13-77
124            android:authorities="com.example.flashcardapp.firebaseinitprovider"
124-->[com.google.firebase:firebase-common:20.4.2] AndroidManifest.xml:25:13-72
125            android:directBootAware="true"
125-->[com.google.firebase:firebase-common:20.4.2] AndroidManifest.xml:26:13-43
126            android:exported="false"
126-->[com.google.firebase:firebase-common:20.4.2] AndroidManifest.xml:27:13-37
127            android:initOrder="100" />
127-->[com.google.firebase:firebase-common:20.4.2] AndroidManifest.xml:28:13-36
128
129        <service
129-->[androidx.room:room-runtime:2.6.1] AndroidManifest.xml:24:9-28:63
130            android:name="androidx.room.MultiInstanceInvalidationService"
130-->[androidx.room:room-runtime:2.6.1] AndroidManifest.xml:25:13-74
131            android:directBootAware="true"
131-->[androidx.room:room-runtime:2.6.1] AndroidManifest.xml:26:13-43
132            android:exported="false" />
132-->[androidx.room:room-runtime:2.6.1] AndroidManifest.xml:27:13-37
133        <service
133-->[androidx.work:work-runtime:2.9.0] AndroidManifest.xml:39:9-45:35
134            android:name="androidx.work.impl.background.systemalarm.SystemAlarmService"
134-->[androidx.work:work-runtime:2.9.0] AndroidManifest.xml:40:13-88
135            android:directBootAware="false"
135-->[androidx.work:work-runtime:2.9.0] AndroidManifest.xml:41:13-44
136            android:enabled="@bool/enable_system_alarm_service_default"
136-->[androidx.work:work-runtime:2.9.0] AndroidManifest.xml:42:13-72
137            android:exported="false" />
137-->[androidx.work:work-runtime:2.9.0] AndroidManifest.xml:43:13-37
138        <service
138-->[androidx.work:work-runtime:2.9.0] AndroidManifest.xml:46:9-52:35
139            android:name="androidx.work.impl.background.systemjob.SystemJobService"
139-->[androidx.work:work-runtime:2.9.0] AndroidManifest.xml:47:13-84
140            android:directBootAware="false"
140-->[androidx.work:work-runtime:2.9.0] AndroidManifest.xml:48:13-44
141            android:enabled="@bool/enable_system_job_service_default"
141-->[androidx.work:work-runtime:2.9.0] AndroidManifest.xml:49:13-70
142            android:exported="true"
142-->[androidx.work:work-runtime:2.9.0] AndroidManifest.xml:50:13-36
143            android:permission="android.permission.BIND_JOB_SERVICE" />
143-->[androidx.work:work-runtime:2.9.0] AndroidManifest.xml:51:13-69
144        <service
144-->[androidx.work:work-runtime:2.9.0] AndroidManifest.xml:53:9-59:35
145            android:name="androidx.work.impl.foreground.SystemForegroundService"
145-->[androidx.work:work-runtime:2.9.0] AndroidManifest.xml:54:13-81
146            android:directBootAware="false"
146-->[androidx.work:work-runtime:2.9.0] AndroidManifest.xml:55:13-44
147            android:enabled="@bool/enable_system_foreground_service_default"
147-->[androidx.work:work-runtime:2.9.0] AndroidManifest.xml:56:13-77
148            android:exported="false" />
148-->[androidx.work:work-runtime:2.9.0] AndroidManifest.xml:57:13-37
149
150        <receiver
150-->[androidx.work:work-runtime:2.9.0] AndroidManifest.xml:61:9-66:35
151            android:name="androidx.work.impl.utils.ForceStopRunnable$BroadcastReceiver"
151-->[androidx.work:work-runtime:2.9.0] AndroidManifest.xml:62:13-88
152            android:directBootAware="false"
152-->[androidx.work:work-runtime:2.9.0] AndroidManifest.xml:63:13-44
153            android:enabled="true"
153-->[androidx.work:work-runtime:2.9.0] AndroidManifest.xml:64:13-35
154            android:exported="false" />
154-->[androidx.work:work-runtime:2.9.0] AndroidManifest.xml:65:13-37
155        <receiver
155-->[androidx.work:work-runtime:2.9.0] AndroidManifest.xml:67:9-77:20
156            android:name="androidx.work.impl.background.systemalarm.ConstraintProxy$BatteryChargingProxy"
156-->[androidx.work:work-runtime:2.9.0] AndroidManifest.xml:68:13-106
157            android:directBootAware="false"
157-->[androidx.work:work-runtime:2.9.0] AndroidManifest.xml:69:13-44
158            android:enabled="false"
158-->[androidx.work:work-runtime:2.9.0] AndroidManifest.xml:70:13-36
159            android:exported="false" >
159-->[androidx.work:work-runtime:2.9.0] AndroidManifest.xml:71:13-37
160            <intent-filter>
160-->[androidx.work:work-runtime:2.9.0] AndroidManifest.xml:73:13-76:29
161                <action android:name="android.intent.action.ACTION_POWER_CONNECTED" />
161-->[androidx.work:work-runtime:2.9.0] AndroidManifest.xml:74:17-87
161-->[androidx.work:work-runtime:2.9.0] AndroidManifest.xml:74:25-84
162                <action android:name="android.intent.action.ACTION_POWER_DISCONNECTED" />
162-->[androidx.work:work-runtime:2.9.0] AndroidManifest.xml:75:17-90
162-->[androidx.work:work-runtime:2.9.0] AndroidManifest.xml:75:25-87
163            </intent-filter>
164        </receiver>
165        <receiver
165-->[androidx.work:work-runtime:2.9.0] AndroidManifest.xml:78:9-88:20
166            android:name="androidx.work.impl.background.systemalarm.ConstraintProxy$BatteryNotLowProxy"
166-->[androidx.work:work-runtime:2.9.0] AndroidManifest.xml:79:13-104
167            android:directBootAware="false"
167-->[androidx.work:work-runtime:2.9.0] AndroidManifest.xml:80:13-44
168            android:enabled="false"
168-->[androidx.work:work-runtime:2.9.0] AndroidManifest.xml:81:13-36
169            android:exported="false" >
169-->[androidx.work:work-runtime:2.9.0] AndroidManifest.xml:82:13-37
170            <intent-filter>
170-->[androidx.work:work-runtime:2.9.0] AndroidManifest.xml:84:13-87:29
171                <action android:name="android.intent.action.BATTERY_OKAY" />
171-->[androidx.work:work-runtime:2.9.0] AndroidManifest.xml:85:17-77
171-->[androidx.work:work-runtime:2.9.0] AndroidManifest.xml:85:25-74
172                <action android:name="android.intent.action.BATTERY_LOW" />
172-->[androidx.work:work-runtime:2.9.0] AndroidManifest.xml:86:17-76
172-->[androidx.work:work-runtime:2.9.0] AndroidManifest.xml:86:25-73
173            </intent-filter>
174        </receiver>
175        <receiver
175-->[androidx.work:work-runtime:2.9.0] AndroidManifest.xml:89:9-99:20
176            android:name="androidx.work.impl.background.systemalarm.ConstraintProxy$StorageNotLowProxy"
176-->[androidx.work:work-runtime:2.9.0] AndroidManifest.xml:90:13-104
177            android:directBootAware="false"
177-->[androidx.work:work-runtime:2.9.0] AndroidManifest.xml:91:13-44
178            android:enabled="false"
178-->[androidx.work:work-runtime:2.9.0] AndroidManifest.xml:92:13-36
179            android:exported="false" >
179-->[androidx.work:work-runtime:2.9.0] AndroidManifest.xml:93:13-37
180            <intent-filter>
180-->[androidx.work:work-runtime:2.9.0] AndroidManifest.xml:95:13-98:29
181                <action android:name="android.intent.action.DEVICE_STORAGE_LOW" />
181-->[androidx.work:work-runtime:2.9.0] AndroidManifest.xml:96:17-83
181-->[androidx.work:work-runtime:2.9.0] AndroidManifest.xml:96:25-80
182                <action android:name="android.intent.action.DEVICE_STORAGE_OK" />
182-->[androidx.work:work-runtime:2.9.0] AndroidManifest.xml:97:17-82
182-->[androidx.work:work-runtime:2.9.0] AndroidManifest.xml:97:25-79
183            </intent-filter>
184        </receiver>
185        <receiver
185-->[androidx.work:work-runtime:2.9.0] AndroidManifest.xml:100:9-109:20
186            android:name="androidx.work.impl.background.systemalarm.ConstraintProxy$NetworkStateProxy"
186-->[androidx.work:work-runtime:2.9.0] AndroidManifest.xml:101:13-103
187            android:directBootAware="false"
187-->[androidx.work:work-runtime:2.9.0] AndroidManifest.xml:102:13-44
188            android:enabled="false"
188-->[androidx.work:work-runtime:2.9.0] AndroidManifest.xml:103:13-36
189            android:exported="false" >
189-->[androidx.work:work-runtime:2.9.0] AndroidManifest.xml:104:13-37
190            <intent-filter>
190-->[androidx.work:work-runtime:2.9.0] AndroidManifest.xml:106:13-108:29
191                <action android:name="android.net.conn.CONNECTIVITY_CHANGE" />
191-->[androidx.work:work-runtime:2.9.0] AndroidManifest.xml:107:17-79
191-->[androidx.work:work-runtime:2.9.0] AndroidManifest.xml:107:25-76
192            </intent-filter>
193        </receiver>
194        <receiver
194-->[androidx.work:work-runtime:2.9.0] AndroidManifest.xml:110:9-121:20
195            android:name="androidx.work.impl.background.systemalarm.RescheduleReceiver"
195-->[androidx.work:work-runtime:2.9.0] AndroidManifest.xml:111:13-88
196            android:directBootAware="false"
196-->[androidx.work:work-runtime:2.9.0] AndroidManifest.xml:112:13-44
197            android:enabled="false"
197-->[androidx.work:work-runtime:2.9.0] AndroidManifest.xml:113:13-36
198            android:exported="false" >
198-->[androidx.work:work-runtime:2.9.0] AndroidManifest.xml:114:13-37
199            <intent-filter>
199-->[androidx.work:work-runtime:2.9.0] AndroidManifest.xml:116:13-120:29
200                <action android:name="android.intent.action.BOOT_COMPLETED" />
200-->[androidx.work:work-runtime:2.9.0] AndroidManifest.xml:117:17-79
200-->[androidx.work:work-runtime:2.9.0] AndroidManifest.xml:117:25-76
201                <action android:name="android.intent.action.TIME_SET" />
201-->[androidx.work:work-runtime:2.9.0] AndroidManifest.xml:118:17-73
201-->[androidx.work:work-runtime:2.9.0] AndroidManifest.xml:118:25-70
202                <action android:name="android.intent.action.TIMEZONE_CHANGED" />
202-->[androidx.work:work-runtime:2.9.0] AndroidManifest.xml:119:17-81
202-->[androidx.work:work-runtime:2.9.0] AndroidManifest.xml:119:25-78
203            </intent-filter>
204        </receiver>
205        <receiver
205-->[androidx.work:work-runtime:2.9.0] AndroidManifest.xml:122:9-131:20
206            android:name="androidx.work.impl.background.systemalarm.ConstraintProxyUpdateReceiver"
206-->[androidx.work:work-runtime:2.9.0] AndroidManifest.xml:123:13-99
207            android:directBootAware="false"
207-->[androidx.work:work-runtime:2.9.0] AndroidManifest.xml:124:13-44
208            android:enabled="@bool/enable_system_alarm_service_default"
208-->[androidx.work:work-runtime:2.9.0] AndroidManifest.xml:125:13-72
209            android:exported="false" >
209-->[androidx.work:work-runtime:2.9.0] AndroidManifest.xml:126:13-37
210            <intent-filter>
210-->[androidx.work:work-runtime:2.9.0] AndroidManifest.xml:128:13-130:29
211                <action android:name="androidx.work.impl.background.systemalarm.UpdateProxies" />
211-->[androidx.work:work-runtime:2.9.0] AndroidManifest.xml:129:17-98
211-->[androidx.work:work-runtime:2.9.0] AndroidManifest.xml:129:25-95
212            </intent-filter>
213        </receiver>
214        <receiver
214-->[androidx.work:work-runtime:2.9.0] AndroidManifest.xml:132:9-142:20
215            android:name="androidx.work.impl.diagnostics.DiagnosticsReceiver"
215-->[androidx.work:work-runtime:2.9.0] AndroidManifest.xml:133:13-78
216            android:directBootAware="false"
216-->[androidx.work:work-runtime:2.9.0] AndroidManifest.xml:134:13-44
217            android:enabled="true"
217-->[androidx.work:work-runtime:2.9.0] AndroidManifest.xml:135:13-35
218            android:exported="true"
218-->[androidx.work:work-runtime:2.9.0] AndroidManifest.xml:136:13-36
219            android:permission="android.permission.DUMP" >
219-->[androidx.work:work-runtime:2.9.0] AndroidManifest.xml:137:13-57
220            <intent-filter>
220-->[androidx.work:work-runtime:2.9.0] AndroidManifest.xml:139:13-141:29
221                <action android:name="androidx.work.diagnostics.REQUEST_DIAGNOSTICS" />
221-->[androidx.work:work-runtime:2.9.0] AndroidManifest.xml:140:17-88
221-->[androidx.work:work-runtime:2.9.0] AndroidManifest.xml:140:25-85
222            </intent-filter>
223        </receiver>
224
225        <meta-data
225-->[com.google.android.gms:play-services-basement:18.1.0] AndroidManifest.xml:21:9-23:69
226            android:name="com.google.android.gms.version"
226-->[com.google.android.gms:play-services-basement:18.1.0] AndroidManifest.xml:22:13-58
227            android:value="@integer/google_play_services_version" />
227-->[com.google.android.gms:play-services-basement:18.1.0] AndroidManifest.xml:23:13-66
228
229        <service
229-->[com.google.android.datatransport:transport-backend-cct:2.3.3] AndroidManifest.xml:29:9-35:19
230            android:name="com.google.android.datatransport.runtime.backends.TransportBackendDiscovery"
230-->[com.google.android.datatransport:transport-backend-cct:2.3.3] AndroidManifest.xml:30:13-103
231            android:exported="false" >
231-->[com.google.android.datatransport:transport-backend-cct:2.3.3] AndroidManifest.xml:31:13-37
232            <meta-data
232-->[com.google.android.datatransport:transport-backend-cct:2.3.3] AndroidManifest.xml:32:13-34:39
233                android:name="backend:com.google.android.datatransport.cct.CctBackendFactory"
233-->[com.google.android.datatransport:transport-backend-cct:2.3.3] AndroidManifest.xml:33:17-94
234                android:value="cct" />
234-->[com.google.android.datatransport:transport-backend-cct:2.3.3] AndroidManifest.xml:34:17-36
235        </service>
236        <service
236-->[com.google.android.datatransport:transport-runtime:2.2.6] AndroidManifest.xml:26:9-30:19
237            android:name="com.google.android.datatransport.runtime.scheduling.jobscheduling.JobInfoSchedulerService"
237-->[com.google.android.datatransport:transport-runtime:2.2.6] AndroidManifest.xml:27:13-117
238            android:exported="false"
238-->[com.google.android.datatransport:transport-runtime:2.2.6] AndroidManifest.xml:28:13-37
239            android:permission="android.permission.BIND_JOB_SERVICE" >
239-->[com.google.android.datatransport:transport-runtime:2.2.6] AndroidManifest.xml:29:13-69
240        </service>
241
242        <receiver
242-->[com.google.android.datatransport:transport-runtime:2.2.6] AndroidManifest.xml:32:9-34:40
243            android:name="com.google.android.datatransport.runtime.scheduling.jobscheduling.AlarmManagerSchedulerBroadcastReceiver"
243-->[com.google.android.datatransport:transport-runtime:2.2.6] AndroidManifest.xml:33:13-132
244            android:exported="false" />
244-->[com.google.android.datatransport:transport-runtime:2.2.6] AndroidManifest.xml:34:13-37
245        <receiver
245-->[androidx.profileinstaller:profileinstaller:1.3.0] AndroidManifest.xml:34:9-52:20
246            android:name="androidx.profileinstaller.ProfileInstallReceiver"
246-->[androidx.profileinstaller:profileinstaller:1.3.0] AndroidManifest.xml:35:13-76
247            android:directBootAware="false"
247-->[androidx.profileinstaller:profileinstaller:1.3.0] AndroidManifest.xml:36:13-44
248            android:enabled="true"
248-->[androidx.profileinstaller:profileinstaller:1.3.0] AndroidManifest.xml:37:13-35
249            android:exported="true"
249-->[androidx.profileinstaller:profileinstaller:1.3.0] AndroidManifest.xml:38:13-36
250            android:permission="android.permission.DUMP" >
250-->[androidx.profileinstaller:profileinstaller:1.3.0] AndroidManifest.xml:39:13-57
251            <intent-filter>
251-->[androidx.profileinstaller:profileinstaller:1.3.0] AndroidManifest.xml:40:13-42:29
252                <action android:name="androidx.profileinstaller.action.INSTALL_PROFILE" />
252-->[androidx.profileinstaller:profileinstaller:1.3.0] AndroidManifest.xml:41:17-91
252-->[androidx.profileinstaller:profileinstaller:1.3.0] AndroidManifest.xml:41:25-88
253            </intent-filter>
254            <intent-filter>
254-->[androidx.profileinstaller:profileinstaller:1.3.0] AndroidManifest.xml:43:13-45:29
255                <action android:name="androidx.profileinstaller.action.SKIP_FILE" />
255-->[androidx.profileinstaller:profileinstaller:1.3.0] AndroidManifest.xml:44:17-85
255-->[androidx.profileinstaller:profileinstaller:1.3.0] AndroidManifest.xml:44:25-82
256            </intent-filter>
257            <intent-filter>
257-->[androidx.profileinstaller:profileinstaller:1.3.0] AndroidManifest.xml:46:13-48:29
258                <action android:name="androidx.profileinstaller.action.SAVE_PROFILE" />
258-->[androidx.profileinstaller:profileinstaller:1.3.0] AndroidManifest.xml:47:17-88
258-->[androidx.profileinstaller:profileinstaller:1.3.0] AndroidManifest.xml:47:25-85
259            </intent-filter>
260            <intent-filter>
260-->[androidx.profileinstaller:profileinstaller:1.3.0] AndroidManifest.xml:49:13-51:29
261                <action android:name="androidx.profileinstaller.action.BENCHMARK_OPERATION" />
261-->[androidx.profileinstaller:profileinstaller:1.3.0] AndroidManifest.xml:50:17-95
261-->[androidx.profileinstaller:profileinstaller:1.3.0] AndroidManifest.xml:50:25-92
262            </intent-filter>
263        </receiver>
264    </application>
265
266</manifest>